Arguments: 
  /home/carlos/.nvm/versions/node/v8.11.3/bin/node /usr/share/yarn/bin/yarn.js add express express-grapql graphql lodash

PATH: 
  /home/carlos/.nvm/versions/node/v8.11.3/bin:/usr/local/sbin:/usr/local/bin:/usr/sbin:/usr/bin:/sbin:/bin:/usr/games:/usr/local/games:/snap/bin

Yarn version: 
  1.7.0

Node version: 
  8.11.3

Platform: 
  linux x64

Trace: 
  Error: https://registry.yarnpkg.com/express-grapql: Not found
      at Request.params.callback [as _callback] (/usr/share/yarn/lib/cli.js:65656:18)
      at Request.self.callback (/usr/share/yarn/lib/cli.js:134675:22)
      at emitTwo (events.js:126:13)
      at Request.emit (events.js:214:7)
      at Request.<anonymous> (/usr/share/yarn/lib/cli.js:135658:10)
      at emitOne (events.js:116:13)
      at Request.emit (events.js:211:7)
      at IncomingMessage.<anonymous> (/usr/share/yarn/lib/cli.js:135578:12)
      at Object.onceWrapper (events.js:313:30)
      at emitNone (events.js:111:20)

npm manifest: 
  {
    "name": "udemy-graphql",
    "version": "1.0.0",
    "description": "",
    "main": "index.js",
    "scripts": {
      "test": "echo \"Error: no test specified\" && exit 1"
    },
    "keywords": [],
    "author": "",
    "license": "ISC"
  }

yarn manifest: 
  No manifest

Lockfile: 
  No lockfile
